{"/Users/madsub/Job/movie-frontend/src/components/GenreBadges.tsx": {"path":"/Users/madsub/Job/movie-frontend/src/components/GenreBadges.tsx","statementMap":{"0":{"start":{"line":7,"column":27},"end":{"line":21,"column":null}},"1":{"start":{"line":8,"column":4},"end":{"line":8,"column":null}},"2":{"start":{"line":8,"column":16},"end":{"line":8,"column":null}},"3":{"start":{"line":10,"column":19},"end":{"line":10,"column":null}},"4":{"start":{"line":10,"column":45},"end":{"line":10,"column":53}},"5":{"start":{"line":12,"column":4},"end":{"line":19,"column":null}},"6":{"start":{"line":15,"column":16},"end":{"line":17,"column":null}}},"fnMap":{"0":{"name":"(anonymous_0)","decl":{"start":{"line":7,"column":27},"end":{"line":7,"column":28}},"loc":{"start":{"line":7,"column":60},"end":{"line":21,"column":null}},"line":7},"1":{"name":"(anonymous_1)","decl":{"start":{"line":10,"column":40},"end":{"line":10,"column":45}},"loc":{"start":{"line":10,"column":45},"end":{"line":10,"column":53}},"line":10},"2":{"name":"(anonymous_2)","decl":{"start":{"line":14,"column":24},"end":{"line":14,"column":25}},"loc":{"start":{"line":15,"column":16},"end":{"line":17,"column":null}},"line":15}},"branchMap":{"0":{"loc":{"start":{"line":8,"column":4},"end":{"line":8,"column":null}},"type":"if","locations":[{"start":{"line":8,"column":4},"end":{"line":8,"column":null}},{"start":{},"end":{}}],"line":8}},"s":{"0":1,"1":6,"2":3,"3":3,"4":6,"5":3,"6":6},"f":{"0":6,"1":6,"2":6},"b":{"0":[3,3]},"meta":{"lastBranch":1,"lastFunction":3,"lastStatement":7,"seen":{"s:7:27:21:Infinity":0,"f:7:27:7:28":0,"b:8:4:8:Infinity:undefined:undefined:undefined:undefined":0,"s:8:4:8:Infinity":1,"s:8:16:8:Infinity":2,"s:10:19:10:Infinity":3,"f:10:40:10:45":1,"s:10:45:10:53":4,"s:12:4:19:Infinity":5,"f:14:24:14:25":2,"s:15:16:17:Infinity":6}}}
,"/Users/madsub/Job/movie-frontend/src/components/MovieCard.tsx": {"path":"/Users/madsub/Job/movie-frontend/src/components/MovieCard.tsx","statementMap":{"0":{"start":{"line":10,"column":25},"end":{"line":50,"column":null}},"1":{"start":{"line":11,"column":4},"end":{"line":48,"column":null}}},"fnMap":{"0":{"name":"(anonymous_0)","decl":{"start":{"line":10,"column":25},"end":{"line":10,"column":26}},"loc":{"start":{"line":10,"column":56},"end":{"line":50,"column":null}},"line":10}},"branchMap":{},"s":{"0":1,"1":6},"f":{"0":6},"b":{},"meta":{"lastBranch":0,"lastFunction":1,"lastStatement":2,"seen":{"s:10:25:50:Infinity":0,"f:10:25:10:26":0,"s:11:4:48:Infinity":1}}}
,"/Users/madsub/Job/movie-frontend/src/components/common/EmptyState.tsx": {"path":"/Users/madsub/Job/movie-frontend/src/components/common/EmptyState.tsx","statementMap":{"0":{"start":{"line":11,"column":26},"end":{"line":25,"column":null}},"1":{"start":{"line":12,"column":4},"end":{"line":23,"column":null}}},"fnMap":{"0":{"name":"(anonymous_0)","decl":{"start":{"line":11,"column":26},"end":{"line":11,"column":27}},"loc":{"start":{"line":11,"column":95},"end":{"line":25,"column":null}},"line":11}},"branchMap":{"0":{"loc":{"start":{"line":11,"column":49},"end":{"line":11,"column":72}},"type":"default-arg","locations":[{"start":{"line":11,"column":66},"end":{"line":11,"column":72}}],"line":11},"1":{"loc":{"start":{"line":16,"column":17},"end":{"line":16,"column":null}},"type":"binary-expr","locations":[{"start":{"line":16,"column":17},"end":{"line":16,"column":32}},{"start":{"line":16,"column":32},"end":{"line":16,"column":null}}],"line":16},"2":{"loc":{"start":{"line":17,"column":17},"end":{"line":20,"column":null}},"type":"binary-expr","locations":[{"start":{"line":17,"column":17},"end":{"line":17,"column":null}},{"start":{"line":18,"column":20},"end":{"line":20,"column":null}}],"line":17}},"s":{"0":2,"1":6},"f":{"0":6},"b":{"0":[6],"1":[6,1],"2":[6,2]},"meta":{"lastBranch":3,"lastFunction":1,"lastStatement":2,"seen":{"s:11:26:25:Infinity":0,"f:11:26:11:27":0,"b:11:66:11:72":0,"s:12:4:23:Infinity":1,"b:16:17:16:32:16:32:16:Infinity":1,"b:17:17:17:Infinity:18:20:20:Infinity":2}}}
,"/Users/madsub/Job/movie-frontend/src/components/common/FavoriteButton.tsx": {"path":"/Users/madsub/Job/movie-frontend/src/components/common/FavoriteButton.tsx","statementMap":{"0":{"start":{"line":10,"column":30},"end":{"line":32,"column":null}},"1":{"start":{"line":11,"column":39},"end":{"line":11,"column":null}},"2":{"start":{"line":13,"column":21},"end":{"line":18,"column":null}},"3":{"start":{"line":20,"column":4},"end":{"line":30,"column":null}}},"fnMap":{"0":{"name":"(anonymous_0)","decl":{"start":{"line":10,"column":30},"end":{"line":10,"column":31}},"loc":{"start":{"line":10,"column":81},"end":{"line":32,"column":null}},"line":10}},"branchMap":{"0":{"loc":{"start":{"line":10,"column":42},"end":{"line":10,"column":54}},"type":"default-arg","locations":[{"start":{"line":10,"column":49},"end":{"line":10,"column":54}}],"line":10},"1":{"loc":{"start":{"line":27,"column":24},"end":{"line":27,"column":null}},"type":"cond-expr","locations":[{"start":{"line":27,"column":37},"end":{"line":27,"column":63}},{"start":{"line":27,"column":63},"end":{"line":27,"column":null}}],"line":27},"2":{"loc":{"start":{"line":29,"column":13},"end":{"line":29,"column":null}},"type":"cond-expr","locations":[{"start":{"line":29,"column":26},"end":{"line":29,"column":56}},{"start":{"line":29,"column":56},"end":{"line":29,"column":null}}],"line":29}},"s":{"0":2,"1":15,"2":15,"3":15},"f":{"0":15},"b":{"0":[15],"1":[4,11],"2":[4,11]},"meta":{"lastBranch":3,"lastFunction":1,"lastStatement":4,"seen":{"s:10:30:32:Infinity":0,"f:10:30:10:31":0,"b:10:49:10:54":0,"s:11:39:11:Infinity":1,"s:13:21:18:Infinity":2,"s:20:4:30:Infinity":3,"b:27:37:27:63:27:63:27:Infinity":1,"b:29:26:29:56:29:56:29:Infinity":2}}}
,"/Users/madsub/Job/movie-frontend/src/components/common/LoadingSpinner.tsx": {"path":"/Users/madsub/Job/movie-frontend/src/components/common/LoadingSpinner.tsx","statementMap":{"0":{"start":{"line":8,"column":30},"end":{"line":28,"column":null}},"1":{"start":{"line":9,"column":18},"end":{"line":18,"column":null}},"2":{"start":{"line":20,"column":4},"end":{"line":26,"column":null}}},"fnMap":{"0":{"name":"(anonymous_0)","decl":{"start":{"line":8,"column":30},"end":{"line":8,"column":31}},"loc":{"start":{"line":8,"column":88},"end":{"line":28,"column":null}},"line":8}},"branchMap":{"0":{"loc":{"start":{"line":8,"column":33},"end":{"line":8,"column":53}},"type":"default-arg","locations":[{"start":{"line":8,"column":46},"end":{"line":8,"column":53}}],"line":8},"1":{"loc":{"start":{"line":9,"column":18},"end":{"line":18,"column":null}},"type":"cond-expr","locations":[{"start":{"line":10,"column":10},"end":{"line":17,"column":null}},{"start":{"line":18,"column":10},"end":{"line":18,"column":null}}],"line":9},"2":{"loc":{"start":{"line":21,"column":19},"end":{"line":21,"column":50}},"type":"cond-expr","locations":[{"start":{"line":21,"column":32},"end":{"line":21,"column":42}},{"start":{"line":21,"column":42},"end":{"line":21,"column":50}}],"line":21},"3":{"loc":{"start":{"line":21,"column":55},"end":{"line":21,"column":85}},"type":"cond-expr","locations":[{"start":{"line":21,"column":68},"end":{"line":21,"column":80}},{"start":{"line":21,"column":80},"end":{"line":21,"column":85}}],"line":21},"4":{"loc":{"start":{"line":24,"column":17},"end":{"line":24,"column":null}},"type":"binary-expr","locations":[{"start":{"line":24,"column":17},"end":{"line":24,"column":28}},{"start":{"line":24,"column":28},"end":{"line":24,"column":null}}],"line":24}},"s":{"0":2,"1":4,"2":4},"f":{"0":4},"b":{"0":[4],"1":[1,3],"2":[1,3],"3":[1,3],"4":[4,1]},"meta":{"lastBranch":5,"lastFunction":1,"lastStatement":3,"seen":{"s:8:30:28:Infinity":0,"f:8:30:8:31":0,"b:8:46:8:53":0,"s:9:18:18:Infinity":1,"b:10:10:17:Infinity:18:10:18:Infinity":1,"s:20:4:26:Infinity":2,"b:21:32:21:42:21:42:21:50":2,"b:21:68:21:80:21:80:21:85":3,"b:24:17:24:28:24:28:24:Infinity":4}}}
,"/Users/madsub/Job/movie-frontend/src/components/common/index.ts": {"path":"/Users/madsub/Job/movie-frontend/src/components/common/index.ts","statementMap":{},"fnMap":{},"branchMap":{},"s":{},"f":{},"b":{},"meta":{"lastBranch":0,"lastFunction":0,"lastStatement":0,"seen":{}}}
,"/Users/madsub/Job/movie-frontend/src/constants/storageKeys.ts": {"path":"/Users/madsub/Job/movie-frontend/src/constants/storageKeys.ts","statementMap":{"0":{"start":{"line":1,"column":28},"end":{"line":3,"column":null}}},"fnMap":{},"branchMap":{},"s":{"0":3},"f":{},"b":{},"meta":{"lastBranch":0,"lastFunction":0,"lastStatement":1,"seen":{"s:1:28:3:Infinity":0}}}
,"/Users/madsub/Job/movie-frontend/src/hooks/useFavorites.ts": {"path":"/Users/madsub/Job/movie-frontend/src/hooks/useFavorites.ts","statementMap":{"0":{"start":{"line":8,"column":28},"end":{"line":26,"column":null}},"1":{"start":{"line":9,"column":36},"end":{"line":12,"column":null}},"2":{"start":{"line":10,"column":26},"end":{"line":10,"column":null}},"3":{"start":{"line":11,"column":8},"end":{"line":11,"column":null}},"4":{"start":{"line":14,"column":10},"end":{"line":23,"column":null}},"5":{"start":{"line":15,"column":26},"end":{"line":15,"column":null}},"6":{"start":{"line":17,"column":29},"end":{"line":19,"column":null}},"7":{"start":{"line":18,"column":37},"end":{"line":18,"column":51}},"8":{"start":{"line":21,"column":8},"end":{"line":21,"column":null}},"9":{"start":{"line":22,"column":8},"end":{"line":22,"column":null}},"10":{"start":{"line":25,"column":4},"end":{"line":25,"column":null}}},"fnMap":{"0":{"name":"(anonymous_0)","decl":{"start":{"line":8,"column":28},"end":{"line":8,"column":29}},"loc":{"start":{"line":8,"column":49},"end":{"line":26,"column":null}},"line":8},"1":{"name":"(anonymous_1)","decl":{"start":{"line":9,"column":49},"end":{"line":9,"column":55}},"loc":{"start":{"line":9,"column":55},"end":{"line":12,"column":5}},"line":9},"2":{"name":"(anonymous_2)","decl":{"start":{"line":14,"column":39},"end":{"line":14,"column":45}},"loc":{"start":{"line":14,"column":45},"end":{"line":23,"column":7}},"line":14},"3":{"name":"(anonymous_3)","decl":{"start":{"line":18,"column":31},"end":{"line":18,"column":37}},"loc":{"start":{"line":18,"column":37},"end":{"line":18,"column":51}},"line":18}},"branchMap":{"0":{"loc":{"start":{"line":17,"column":29},"end":{"line":19,"column":null}},"type":"cond-expr","locations":[{"start":{"line":18,"column":14},"end":{"line":18,"column":null}},{"start":{"line":19,"column":14},"end":{"line":19,"column":null}}],"line":17}},"s":{"0":3,"1":23,"2":16,"3":16,"4":23,"5":7,"6":7,"7":10,"8":7,"9":7,"10":23},"f":{"0":23,"1":16,"2":7,"3":10},"b":{"0":[4,3]},"meta":{"lastBranch":1,"lastFunction":4,"lastStatement":11,"seen":{"s:8:28:26:Infinity":0,"f:8:28:8:29":0,"s:9:36:12:Infinity":1,"f:9:49:9:55":1,"s:10:26:10:Infinity":2,"s:11:8:11:Infinity":3,"s:14:10:23:Infinity":4,"f:14:39:14:45":2,"s:15:26:15:Infinity":5,"s:17:29:19:Infinity":6,"b:18:14:18:Infinity:19:14:19:Infinity":0,"f:18:31:18:37":3,"s:18:37:18:51":7,"s:21:8:21:Infinity":8,"s:22:8:22:Infinity":9,"s:25:4:25:Infinity":10}}}
,"/Users/madsub/Job/movie-frontend/src/lib/storage.ts": {"path":"/Users/madsub/Job/movie-frontend/src/lib/storage.ts","statementMap":{"0":{"start":{"line":1,"column":23},"end":{"line":28,"column":null}},"1":{"start":{"line":3,"column":8},"end":{"line":10,"column":null}},"2":{"start":{"line":4,"column":25},"end":{"line":4,"column":null}},"3":{"start":{"line":5,"column":12},"end":{"line":5,"column":null}},"4":{"start":{"line":5,"column":31},"end":{"line":5,"column":null}},"5":{"start":{"line":6,"column":12},"end":{"line":6,"column":null}},"6":{"start":{"line":8,"column":12},"end":{"line":8,"column":null}},"7":{"start":{"line":9,"column":12},"end":{"line":9,"column":null}},"8":{"start":{"line":14,"column":8},"end":{"line":18,"column":null}},"9":{"start":{"line":15,"column":12},"end":{"line":15,"column":null}},"10":{"start":{"line":17,"column":12},"end":{"line":17,"column":null}},"11":{"start":{"line":22,"column":8},"end":{"line":26,"column":null}},"12":{"start":{"line":23,"column":12},"end":{"line":23,"column":null}},"13":{"start":{"line":25,"column":12},"end":{"line":25,"column":null}}},"fnMap":{"0":{"name":"(anonymous_0)","decl":{"start":{"line":2,"column":9},"end":{"line":2,"column":13}},"loc":{"start":{"line":2,"column":49},"end":{"line":11,"column":null}},"line":2},"1":{"name":"(anonymous_1)","decl":{"start":{"line":13,"column":9},"end":{"line":13,"column":13}},"loc":{"start":{"line":13,"column":45},"end":{"line":19,"column":null}},"line":13},"2":{"name":"(anonymous_2)","decl":{"start":{"line":21,"column":12},"end":{"line":21,"column":13}},"loc":{"start":{"line":21,"column":35},"end":{"line":27,"column":null}},"line":21}},"branchMap":{"0":{"loc":{"start":{"line":5,"column":12},"end":{"line":5,"column":null}},"type":"if","locations":[{"start":{"line":5,"column":12},"end":{"line":5,"column":null}},{"start":{},"end":{}}],"line":5}},"s":{"0":4,"1":27,"2":27,"3":27,"4":16,"5":11,"6":1,"7":1,"8":9,"9":9,"10":0,"11":1,"12":1,"13":0},"f":{"0":27,"1":9,"2":1},"b":{"0":[16,11]},"meta":{"lastBranch":1,"lastFunction":3,"lastStatement":14,"seen":{"s:1:23:28:Infinity":0,"f:2:9:2:13":0,"s:3:8:10:Infinity":1,"s:4:25:4:Infinity":2,"b:5:12:5:Infinity:undefined:undefined:undefined:undefined":0,"s:5:12:5:Infinity":3,"s:5:31:5:Infinity":4,"s:6:12:6:Infinity":5,"s:8:12:8:Infinity":6,"s:9:12:9:Infinity":7,"f:13:9:13:13":1,"s:14:8:18:Infinity":8,"s:15:12:15:Infinity":9,"s:17:12:17:Infinity":10,"f:21:12:21:13":2,"s:22:8:26:Infinity":11,"s:23:12:23:Infinity":12,"s:25:12:25:Infinity":13}}}
,"/Users/madsub/Job/movie-frontend/src/store/useMovieStore.ts": {"path":"/Users/madsub/Job/movie-frontend/src/store/useMovieStore.ts","statementMap":{"0":{"start":{"line":18,"column":13},"end":{"line":55,"column":null}},"1":{"start":{"line":18,"column":63},"end":{"line":55,"column":2}},"2":{"start":{"line":26,"column":8},"end":{"line":26,"column":null}},"3":{"start":{"line":27,"column":8},"end":{"line":38,"column":null}},"4":{"start":{"line":28,"column":32},"end":{"line":28,"column":null}},"5":{"start":{"line":29,"column":25},"end":{"line":29,"column":null}},"6":{"start":{"line":30,"column":12},"end":{"line":34,"column":null}},"7":{"start":{"line":36,"column":12},"end":{"line":36,"column":null}},"8":{"start":{"line":37,"column":12},"end":{"line":37,"column":null}},"9":{"start":{"line":41,"column":8},"end":{"line":41,"column":null}},"10":{"start":{"line":42,"column":8},"end":{"line":51,"column":null}},"11":{"start":{"line":43,"column":25},"end":{"line":43,"column":null}},"12":{"start":{"line":44,"column":12},"end":{"line":47,"column":null}},"13":{"start":{"line":49,"column":12},"end":{"line":49,"column":null}},"14":{"start":{"line":50,"column":12},"end":{"line":50,"column":null}},"15":{"start":{"line":53,"column":37},"end":{"line":53,"column":null}},"16":{"start":{"line":54,"column":39},"end":{"line":54,"column":null}}},"fnMap":{"0":{"name":"(anonymous_0)","decl":{"start":{"line":18,"column":48},"end":{"line":18,"column":49}},"loc":{"start":{"line":18,"column":63},"end":{"line":55,"column":2}},"line":18},"1":{"name":"(anonymous_1)","decl":{"start":{"line":25,"column":17},"end":{"line":25,"column":24}},"loc":{"start":{"line":25,"column":57},"end":{"line":39,"column":null}},"line":25},"2":{"name":"(anonymous_2)","decl":{"start":{"line":40,"column":16},"end":{"line":40,"column":23}},"loc":{"start":{"line":40,"column":38},"end":{"line":52,"column":null}},"line":40},"3":{"name":"(anonymous_3)","decl":{"start":{"line":53,"column":19},"end":{"line":53,"column":20}},"loc":{"start":{"line":53,"column":37},"end":{"line":53,"column":null}},"line":53},"4":{"name":"(anonymous_4)","decl":{"start":{"line":54,"column":20},"end":{"line":54,"column":21}},"loc":{"start":{"line":54,"column":39},"end":{"line":54,"column":null}},"line":54}},"branchMap":{"0":{"loc":{"start":{"line":28,"column":32},"end":{"line":28,"column":null}},"type":"cond-expr","locations":[{"start":{"line":28,"column":54},"end":{"line":28,"column":62}},{"start":{"line":28,"column":62},"end":{"line":28,"column":null}}],"line":28}},"s":{"0":1,"1":1,"2":5,"3":5,"4":5,"5":5,"6":4,"7":1,"8":1,"9":3,"10":3,"11":3,"12":2,"13":1,"14":1,"15":1,"16":2},"f":{"0":1,"1":5,"2":3,"3":1,"4":2},"b":{"0":[1,4]},"meta":{"lastBranch":1,"lastFunction":5,"lastStatement":17,"seen":{"s:18:13:55:Infinity":0,"f:18:48:18:49":0,"s:18:63:55:2":1,"f:25:17:25:24":1,"s:26:8:26:Infinity":2,"s:27:8:38:Infinity":3,"s:28:32:28:Infinity":4,"b:28:54:28:62:28:62:28:Infinity":0,"s:29:25:29:Infinity":5,"s:30:12:34:Infinity":6,"s:36:12:36:Infinity":7,"s:37:12:37:Infinity":8,"f:40:16:40:23":2,"s:41:8:41:Infinity":9,"s:42:8:51:Infinity":10,"s:43:25:43:Infinity":11,"s:44:12:47:Infinity":12,"s:49:12:49:Infinity":13,"s:50:12:50:Infinity":14,"f:53:19:53:20":3,"s:53:37:53:Infinity":15,"f:54:20:54:21":4,"s:54:39:54:Infinity":16}}}
}
